{"level":"info","ts":1610160470.782603,"msg":"Server started at 2021-01-08 21:47:50.781813792 -0500 EST"}
{"level":"error","ts":1610160470.8311393,"msg":"listen tcp: address 192.168.1.100:37253:3600: too many colons in address"}
{"level":"info","ts":1610160563.8626308,"msg":"Server started at 2021-01-08 21:49:23.861930913 -0500 EST"}
{"level":"info","ts":1610160732.7268944,"msg":"Server started at 2021-01-08 21:52:12.726097029 -0500 EST"}
{"level":"info","ts":1610160735.0233953,"msg":"Server started at 2021-01-08 21:52:15.022482929 -0500 EST"}
{"level":"info","ts":1610161055.0748324,"msg":"Server started at 2021-01-08 21:57:35.073998069 -0500 EST"}
{"level":"info","ts":1610161303.8496573,"msg":"Server started at 2021-01-08 22:01:43.848759026 -0500 EST"}
{"level":"info","ts":1610161307.7019513,"msg":"Server started at 2021-01-08 22:01:47.701241358 -0500 EST"}
{"level":"info","ts":1610161315.2740576,"msg":"Server started at 2021-01-08 22:01:55.273304667 -0500 EST"}
{"level":"info","ts":1610162978.6244187,"msg":"Server started at 2021-01-08 22:29:38.623603689 -0500 EST"}
{"level":"info","ts":1610163050.6976924,"msg":"Server started at 2021-01-08 22:30:50.696755027 -0500 EST"}
{"level":"info","ts":1610163066.819453,"msg":"Server started at 2021-01-08 22:31:06.818629605 -0500 EST"}
{"level":"info","ts":1610163105.0463774,"msg":"Server started at 2021-01-08 22:31:45.045390886 -0500 EST"}
{"level":"info","ts":1610163117.4689708,"msg":"Server started at 2021-01-08 22:31:57.468301795 -0500 EST"}
{"level":"info","ts":1610163173.78919,"msg":"Server started at 2021-01-08 22:32:53.788307976 -0500 EST"}
{"level":"info","ts":1610163377.7450151,"msg":"Server started at 2021-01-08 22:36:17.744250976 -0500 EST"}
{"level":"info","ts":1610163459.7101502,"msg":"Server started at 2021-01-08 22:37:39.70919292 -0500 EST"}
{"level":"info","ts":1610163516.986722,"msg":"Server started at 2021-01-08 22:38:36.985746075 -0500 EST"}
{"level":"info","ts":1610163540.297283,"msg":"Server started at 2021-01-08 22:39:00.296503999 -0500 EST"}
{"level":"info","ts":1610163554.3167493,"msg":"Server started at 2021-01-08 22:39:14.316059687 -0500 EST"}
{"level":"info","ts":1610163579.5104306,"msg":"Server started at 2021-01-08 22:39:39.509552674 -0500 EST"}
{"level":"info","ts":1610163597.3718328,"msg":"Server started at 2021-01-08 22:39:57.371027919 -0500 EST"}
{"level":"info","ts":1610163611.6885135,"msg":"Server started at 2021-01-08 22:40:11.687754317 -0500 EST"}
{"level":"info","ts":1610163620.5803375,"msg":"Server started at 2021-01-08 22:40:20.579166893 -0500 EST"}
{"level":"info","ts":1610163632.946248,"msg":"Server started at 2021-01-08 22:40:32.945562757 -0500 EST"}
{"level":"info","ts":1610163658.0138032,"msg":"Server started at 2021-01-08 22:40:58.012653093 -0500 EST"}
{"level":"info","ts":1610163665.1709306,"msg":"Server started at 2021-01-08 22:41:05.170089683 -0500 EST"}
{"level":"info","ts":1610163672.5042586,"msg":"Server started at 2021-01-08 22:41:12.503441199 -0500 EST"}
{"level":"info","ts":1610163688.325658,"msg":"Server started at 2021-01-08 22:41:28.324996637 -0500 EST"}
{"level":"info","ts":1610163760.1439347,"msg":"Server started at 2021-01-08 22:42:40.143159514 -0500 EST"}
{"level":"info","ts":1610163776.2980933,"msg":"Server started at 2021-01-08 22:42:56.29735036 -0500 EST"}
{"level":"info","ts":1610163789.212797,"msg":"Server started at 2021-01-08 22:43:09.212107302 -0500 EST"}
{"level":"info","ts":1610163829.4317527,"msg":"Server started at 2021-01-08 22:43:49.430944139 -0500 EST"}
{"level":"info","ts":1610164212.2535815,"msg":"Server started at 2021-01-08 22:50:12.252666845 -0500 EST"}
{"level":"info","ts":1610164413.735346,"msg":"Server started at 2021-01-08 22:53:33.734584716 -0500 EST"}
{"level":"info","ts":1610164439.6091352,"msg":"Server started at 2021-01-08 22:53:59.608246174 -0500 EST"}
{"level":"info","ts":1610164708.101903,"msg":"Server started at 2021-01-08 22:58:28.101287847 -0500 EST"}
{"level":"info","ts":1610164726.2506523,"msg":"Server started at 2021-01-08 22:58:46.249704628 -0500 EST"}
{"level":"info","ts":1610164794.705937,"msg":"Server started at 2021-01-08 22:59:54.705144365 -0500 EST"}
{"level":"info","ts":1610164872.7754164,"msg":"Server started at 2021-01-08 23:01:12.774792374 -0500 EST"}
{"level":"info","ts":1610164894.076559,"msg":"Server started at 2021-01-08 23:01:34.075833453 -0500 EST"}
{"level":"info","ts":1610164951.9762912,"msg":"Server started at 2021-01-08 23:02:31.975609567 -0500 EST"}
{"level":"info","ts":1610164959.5802066,"msg":"Server started at 2021-01-08 23:02:39.57931442 -0500 EST"}
{"level":"info","ts":1610165032.076106,"msg":"Server started at 2021-01-08 23:03:52.07542919 -0500 EST"}
{"level":"info","ts":1610165064.6528275,"msg":"Server started at 2021-01-08 23:04:24.652229301 -0500 EST"}
{"level":"info","ts":1610165119.3768775,"msg":"Server started at 2021-01-08 23:05:19.375996839 -0500 EST"}
{"level":"info","ts":1610165129.568618,"msg":"Server started at 2021-01-08 23:05:29.56712766 -0500 EST"}
{"level":"info","ts":1610165199.717546,"msg":"Server started at 2021-01-08 23:06:39.716774662 -0500 EST"}
{"level":"info","ts":1610165216.6604218,"msg":"Server started at 2021-01-08 23:06:56.659703435 -0500 EST"}
{"level":"info","ts":1610165255.1982067,"msg":"Server started at 2021-01-08 23:07:35.197603971 -0500 EST"}
{"level":"info","ts":1610165269.6151886,"msg":"Server started at 2021-01-08 23:07:49.614401728 -0500 EST"}
{"level":"info","ts":1610165280.0979013,"msg":"Server started at 2021-01-08 23:08:00.097151916 -0500 EST"}
{"level":"info","ts":1610165339.394679,"msg":"Server started at 2021-01-08 23:08:59.393886416 -0500 EST"}
{"level":"info","ts":1610165386.2338936,"msg":"Server started at 2021-01-08 23:09:46.233204192 -0500 EST"}
{"level":"info","ts":1610165396.5726418,"msg":"Server started at 2021-01-08 23:09:56.572078962 -0500 EST"}
{"level":"info","ts":1610165397.9175873,"msg":"Server started at 2021-01-08 23:09:57.916772619 -0500 EST"}
{"level":"info","ts":1610166988.7215283,"msg":"Server started at 2021-01-08 23:36:28.720618291 -0500 EST"}
{"level":"info","ts":1610166990.7049942,"msg":"Server started at 2021-01-08 23:36:30.704218196 -0500 EST"}
{"level":"info","ts":1610166992.6365848,"msg":"Server started at 2021-01-08 23:36:32.635617475 -0500 EST"}
{"level":"error","ts":1610166992.6369016,"msg":"listen tcp 192.168.1.100:3600: bind: address already in use"}
{"level":"warn","ts":1610167025.4624522,"msg":"(USER) strconv.Atoi: parsing \"14l\": invalid syntax"}
{"level":"info","ts":1610167370.0190887,"msg":"Server started at 2021-01-08 23:42:50.018383299 -0500 EST"}
{"level":"info","ts":1610167370.0258865,"msg":"Server started at 2021-01-08 23:42:50.024787821 -0500 EST"}
{"level":"error","ts":1610167370.0471158,"msg":"listen tcp 192.168.1.100:3600: bind: address already in use"}
{"level":"info","ts":1610167492.0840926,"msg":"Server started at 2021-01-08 23:44:52.083330064 -0500 EST"}
{"level":"info","ts":1610167492.0909836,"msg":"Server started at 2021-01-08 23:44:52.090210744 -0500 EST"}
{"level":"error","ts":1610167492.0913403,"msg":"listen tcp 192.168.1.100:3600: bind: address already in use"}
{"level":"info","ts":1610167493.4758282,"msg":"Server started at 2021-01-08 23:44:53.474757852 -0500 EST"}
{"level":"info","ts":1610167493.4793234,"msg":"Server started at 2021-01-08 23:44:53.478344645 -0500 EST"}
{"level":"error","ts":1610167493.4798045,"msg":"listen tcp 192.168.1.100:3600: bind: address already in use"}
{"level":"warn","ts":1610167518.6774383,"msg":"(USER) strconv.Atoi: parsing \"1))\": invalid syntax"}
{"level":"info","ts":1610167616.1772451,"msg":"Server started at 2021-01-08 23:46:56.176479567 -0500 EST"}
{"level":"info","ts":1610167616.182952,"msg":"Server started at 2021-01-08 23:46:56.181968632 -0500 EST"}
{"level":"error","ts":1610167616.1833355,"msg":"listen tcp 192.168.1.100:3600: bind: address already in use"}
{"level":"info","ts":1610167649.273312,"msg":"Server started at 2021-01-08 23:47:29.272544672 -0500 EST"}
{"level":"info","ts":1610167649.2869906,"msg":"Server started at 2021-01-08 23:47:29.286182478 -0500 EST"}
{"level":"error","ts":1610167649.2872558,"msg":"listen tcp 192.168.1.100:3600: bind: address already in use"}
{"level":"info","ts":1610167664.5666401,"msg":"Server started at 2021-01-08 23:47:44.56484439 -0500 EST"}
{"level":"error","ts":1610167664.5671573,"msg":"listen tcp 192.168.1.100:3600: bind: address already in use"}
{"level":"info","ts":1610167664.5930848,"msg":"Server started at 2021-01-08 23:47:44.592353896 -0500 EST"}
{"level":"info","ts":1610167684.596445,"msg":"Server started at 2021-01-08 23:48:04.595477953 -0500 EST"}
{"level":"error","ts":1610167684.5969741,"msg":"listen tcp 192.168.1.100:3600: bind: address already in use"}
{"level":"info","ts":1610167989.292873,"msg":"Server started at 2021-01-08 23:53:09.291865047 -0500 EST"}
{"level":"error","ts":1610167989.2943473,"msg":"listen tcp 192.168.1.100:3600: bind: address already in use"}
{"level":"info","ts":1610167989.3032618,"msg":"Server started at 2021-01-08 23:53:09.302405002 -0500 EST"}
